▶ technical quality gates
▶ lint

> bmad-total-app@0.1.0 lint
> node ./scripts/lint.mjs

✅ Lint OK
▶ typecheck

> bmad-total-app@0.1.0 typecheck
> node ./scripts/typecheck.mjs

✅ Typecheck (syntax) OK
▶ unit/integration tests

> bmad-total-app@0.1.0 test
> vitest run


[1m[46m RUN [49m[22m [36mv4.0.18 [39m[90m/root/.openclaw/workspace/projects/dashboard-openclaw/app[39m

 [32m✓[39m tests/edge/phase-guards-orchestrator.edge.test.js [2m([22m[2m17 tests[22m[2m)[22m[32m 18[2mms[22m[39m
 [32m✓[39m tests/edge/phase-transition-history.edge.test.js [2m([22m[2m19 tests[22m[2m)[22m[32m 35[2mms[22m[39m
 [32m✓[39m tests/unit/phase-transition-history.test.js [2m([22m[2m8 tests[22m[2m)[22m[32m 21[2mms[22m[39m
 [32m✓[39m tests/unit/phase-guards-orchestrator.test.js [2m([22m[2m8 tests[22m[2m)[22m[32m 10[2mms[22m[39m
 [32m✓[39m tests/edge/phase-state-projection.edge.test.js [2m([22m[2m10 tests[22m[2m)[22m[32m 10[2mms[22m[39m
 [32m✓[39m tests/edge/phase-prerequisites-validator.edge.test.js [2m([22m[2m14 tests[22m[2m)[22m[32m 12[2mms[22m[39m
 [32m✓[39m tests/edge/phase-transition-validator.edge.test.js [2m([22m[2m8 tests[22m[2m)[22m[32m 11[2mms[22m[39m
 [32m✓[39m tests/unit/phase-prerequisites-validator.test.js [2m([22m[2m7 tests[22m[2m)[22m[32m 8[2mms[22m[39m
 [32m✓[39m tests/unit/phase-state-projection.test.js [2m([22m[2m8 tests[22m[2m)[22m[32m 8[2mms[22m[39m
 [32m✓[39m tests/unit/phase-transition-validator.test.js [2m([22m[2m8 tests[22m[2m)[22m[32m 8[2mms[22m[39m
 [32m✓[39m tests/edge/core.edge.test.js [2m([22m[2m6 tests[22m[2m)[22m[32m 8[2mms[22m[39m
 [32m✓[39m tests/unit/core.test.js [2m([22m[2m9 tests[22m[2m)[22m[32m 5[2mms[22m[39m

[2m Test Files [22m [1m[32m12 passed[39m[22m[90m (12)[39m
[2m      Tests [22m [1m[32m122 passed[39m[22m[90m (122)[39m
[2m   Start at [22m 13:59:01
[2m   Duration [22m 774ms[2m (transform 227ms, setup 0ms, import 505ms, tests 155ms, environment 2ms)[22m

▶ e2e tests

> bmad-total-app@0.1.0 test:e2e
> playwright test


Running 11 tests using 2 workers

  ✓   2 [chromium] › tests/e2e/normalize-user-name.spec.js:92:1 › normalize user name flow covers empty/loading/error/success states (1.3s)
  ✓   1 [chromium] › tests/e2e/phase-guards-orchestrator.spec.js:272:1 › phase guards demo covers empty/loading/error/success with explicit reason, plan and failure diagnostics (1.8s)
  ✓   3 [chromium] › tests/e2e/phase-guards-orchestrator.spec.js:335:1 › phase guards demo keeps rendered content without horizontal overflow on mobile/tablet/desktop (1.8s)
  ✓   4 [chromium] › tests/e2e/phase-prerequisites-validator.spec.js:237:1 › phase prerequisites demo covers empty/loading/error/success with explicit blocking reason and missing list (2.1s)
  ✓   5 [chromium] › tests/e2e/phase-prerequisites-validator.spec.js:299:1 › phase prerequisites demo keeps success rendering without horizontal overflow on mobile/tablet/desktop (1.7s)
  ✓   6 [chromium] › tests/e2e/phase-state-projection.spec.js:224:1 › phase state projection demo covers empty/loading/error/success with required phase fields (1.6s)
  ✓   7 [chromium] › tests/e2e/phase-state-projection.spec.js:285:1 › phase state projection success payload stays without horizontal overflow on mobile/tablet/desktop (1.7s)
  ✓   8 [chromium] › tests/e2e/phase-transition-history.spec.js:249:1 › transition history demo covers empty/loading/error/success with reason and history rows (1.6s)
  ✓   9 [chromium] › tests/e2e/phase-transition-history.spec.js:304:1 › transition history demo stays readable without horizontal overflow on mobile/tablet/desktop (1.7s)
  ✓  11 [chromium] › tests/e2e/smoke.spec.js:3:1 › basic app smoke on data URL (207ms)
  ✓  10 [chromium] › tests/e2e/phase-transition-validator.spec.js:129:1 › phase transition demo covers empty/loading/error/success and shows blocking reason (1.6s)

  11 passed (10.2s)
▶ edge-case tests

> bmad-total-app@0.1.0 test:edge
> vitest run tests/edge


[1m[46m RUN [49m[22m [36mv4.0.18 [39m[90m/root/.openclaw/workspace/projects/dashboard-openclaw/app[39m

 [32m✓[39m tests/edge/phase-prerequisites-validator.edge.test.js [2m([22m[2m14 tests[22m[2m)[22m[32m 11[2mms[22m[39m
 [32m✓[39m tests/edge/phase-guards-orchestrator.edge.test.js [2m([22m[2m17 tests[22m[2m)[22m[32m 16[2mms[22m[39m
 [32m✓[39m tests/edge/phase-transition-history.edge.test.js [2m([22m[2m19 tests[22m[2m)[22m[32m 33[2mms[22m[39m
 [32m✓[39m tests/edge/phase-state-projection.edge.test.js [2m([22m[2m10 tests[22m[2m)[22m[32m 9[2mms[22m[39m
 [32m✓[39m tests/edge/phase-transition-validator.edge.test.js [2m([22m[2m8 tests[22m[2m)[22m[32m 10[2mms[22m[39m
 [32m✓[39m tests/edge/core.edge.test.js [2m([22m[2m6 tests[22m[2m)[22m[32m 6[2mms[22m[39m

[2m Test Files [22m [1m[32m6 passed[39m[22m[90m (6)[39m
[2m      Tests [22m [1m[32m74 passed[39m[22m[90m (74)[39m
[2m   Start at [22m 13:59:14
[2m   Duration [22m 414ms[2m (transform 198ms, setup 0ms, import 311ms, tests 84ms, environment 1ms)[22m

▶ coverage tests

> bmad-total-app@0.1.0 test:coverage
> vitest run --coverage


[1m[46m RUN [49m[22m [36mv4.0.18 [39m[90m/root/.openclaw/workspace/projects/dashboard-openclaw/app[39m
      [2mCoverage enabled with [22m[33mv8[39m

 [32m✓[39m tests/edge/phase-guards-orchestrator.edge.test.js [2m([22m[2m17 tests[22m[2m)[22m[32m 16[2mms[22m[39m
 [32m✓[39m tests/edge/phase-transition-history.edge.test.js [2m([22m[2m19 tests[22m[2m)[22m[32m 29[2mms[22m[39m
 [32m✓[39m tests/unit/phase-transition-history.test.js [2m([22m[2m8 tests[22m[2m)[22m[32m 19[2mms[22m[39m
 [32m✓[39m tests/edge/phase-prerequisites-validator.edge.test.js [2m([22m[2m14 tests[22m[2m)[22m[32m 11[2mms[22m[39m
 [32m✓[39m tests/edge/phase-transition-validator.edge.test.js [2m([22m[2m8 tests[22m[2m)[22m[32m 9[2mms[22m[39m
 [32m✓[39m tests/unit/phase-guards-orchestrator.test.js [2m([22m[2m8 tests[22m[2m)[22m[32m 12[2mms[22m[39m
 [32m✓[39m tests/edge/phase-state-projection.edge.test.js [2m([22m[2m10 tests[22m[2m)[22m[32m 11[2mms[22m[39m
 [32m✓[39m tests/unit/phase-state-projection.test.js [2m([22m[2m8 tests[22m[2m)[22m[32m 8[2mms[22m[39m
 [32m✓[39m tests/unit/phase-transition-validator.test.js [2m([22m[2m8 tests[22m[2m)[22m[32m 13[2mms[22m[39m
 [32m✓[39m tests/unit/phase-prerequisites-validator.test.js [2m([22m[2m7 tests[22m[2m)[22m[32m 9[2mms[22m[39m
 [32m✓[39m tests/edge/core.edge.test.js [2m([22m[2m6 tests[22m[2m)[22m[32m 8[2mms[22m[39m
 [32m✓[39m tests/unit/core.test.js [2m([22m[2m9 tests[22m[2m)[22m[32m 6[2mms[22m[39m

[2m Test Files [22m [1m[32m12 passed[39m[22m[90m (12)[39m
[2m      Tests [22m [1m[32m122 passed[39m[22m[90m (122)[39m
[2m   Start at [22m 13:59:15
[2m   Duration [22m 963ms[2m (transform 199ms, setup 0ms, import 489ms, tests 151ms, environment 2ms)[22m

[34m % [39m[2mCoverage report from [22m[33mv8[39m
-------------------|---------|----------|---------|---------|-------------------
File               | % Stmts | % Branch | % Funcs | % Lines | Uncovered Line #s 
-------------------|---------|----------|---------|---------|-------------------
All files          |   99.52 |    98.25 |     100 |   99.51 |                   
 core.js           |     100 |      100 |     100 |     100 |                   
 index.js          |       0 |        0 |       0 |       0 |                   
 ...rchestrator.js |     100 |      100 |     100 |     100 |                   
 ...s-validator.js |    98.8 |    97.59 |     100 |   98.79 | 48                
 ...-projection.js |     100 |    97.59 |     100 |     100 | 16,155            
 ...ion-history.js |     100 |    98.52 |     100 |     100 | 72,157            
 ...n-validator.js |   97.36 |    95.34 |     100 |   97.36 | 16                
-------------------|---------|----------|---------|---------|-------------------
✅ Coverage lines: 99.51% >= 85%
✅ Coverage statements: 99.52% >= 85%
✅ Coverage functions: 100% >= 85%
✅ Coverage branches: 98.25% >= 85%
✅ COVERAGE_THRESHOLD_OK
found 0 vulnerabilities
✅ SECURITY_SCAN_OK
▶ build

> bmad-total-app@0.1.0 build
> node ./scripts/build.mjs

✅ Build OK
✅ QUALITY_GATES_OK
▶ ux gates
✅ UX_GATES_OK (S008) design=93 D2=94
✅ STORY_GATES_OK (S008)
