
Running 41 tests using 2 workers

  ✓   2 [chromium] › tests/e2e/artifact-context-filter.spec.js:427:1 › artifact context filter demo remains readable without horizontal overflow on mobile/tablet/desktop (1.8s)
  ✓   1 [chromium] › tests/e2e/artifact-context-filter.spec.js:354:1 › artifact context filter demo covers empty/loading/error/success with reason, counters, filters, diffCandidates and correctiveActions (2.3s)
  ✓   4 [chromium] › tests/e2e/artifact-evidence-graph.spec.js:434:1 › artifact evidence graph demo remains readable without horizontal overflow on mobile/tablet/desktop (1.8s)
  ✓   3 [chromium] › tests/e2e/artifact-evidence-graph.spec.js:351:1 › artifact evidence graph demo covers empty/loading/error/success with reason, counters, graph, backlinks, orphan evidence and actions (2.6s)
  ✓   5 [chromium] › tests/e2e/artifact-fulltext-search.spec.js:286:1 › artifact fulltext search demo covers empty/loading/error/success with reason, counters, filters and correctiveActions (2.0s)
  ✓   6 [chromium] › tests/e2e/artifact-fulltext-search.spec.js:354:1 › artifact fulltext search demo remains readable without horizontal overflow on mobile/tablet/desktop (1.8s)
  ✓   8 [chromium] › tests/e2e/artifact-ingestion-pipeline.spec.js:389:1 › artifact ingestion demo remains readable without horizontal overflow on mobile/tablet/desktop (1.8s)
  ✓   7 [chromium] › tests/e2e/artifact-ingestion-pipeline.spec.js:293:1 › artifact ingestion demo covers empty/loading/error/success with explicit reason, counters and correctiveActions (3.3s)
  ✓  10 [chromium] › tests/e2e/artifact-metadata-validator.spec.js:389:1 › artifact metadata validator demo remains readable without horizontal overflow on mobile/tablet/desktop (1.7s)
  ✓   9 [chromium] › tests/e2e/artifact-metadata-validator.spec.js:293:1 › artifact metadata validator demo covers empty/loading/error/success with explicit reason, counters and correctiveActions (3.3s)
  ✓  12 [chromium] › tests/e2e/artifact-parse-diagnostics.spec.js:428:1 › artifact parse diagnostics demo remains readable without horizontal overflow on mobile/tablet/desktop (1.7s)
  ✓  11 [chromium] › tests/e2e/artifact-parse-diagnostics.spec.js:345:1 › artifact parse diagnostics demo covers empty/loading/error/success with reason, counters, issues, recommendations, dlq and actions (2.5s)
  ✓  14 [chromium] › tests/e2e/artifact-section-extractor.spec.js:409:1 › artifact section extractor demo remains readable without horizontal overflow on mobile/tablet/desktop (1.8s)
  ✓  13 [chromium] › tests/e2e/artifact-section-extractor.spec.js:304:1 › artifact section extractor demo covers empty/loading/error/success with explicit reason, section counters and correctiveActions (3.8s)
  ✓  15 [chromium] › tests/e2e/artifact-staleness-indicator.spec.js:337:1 › artifact staleness demo covers empty/loading/error/success with reason, counters, stale badges and actions (2.5s)
  ✓  16 [chromium] › tests/e2e/artifact-staleness-indicator.spec.js:417:1 › artifact staleness demo remains readable without horizontal overflow on mobile/tablet/desktop (1.7s)
  ✓  18 [chromium] › tests/e2e/artifact-table-indexer.spec.js:475:1 › artifact table indexer demo remains readable without horizontal overflow on mobile/tablet/desktop (1.7s)
  ✓  17 [chromium] › tests/e2e/artifact-table-indexer.spec.js:360:1 › artifact table indexer demo covers empty/loading/error/success with explicit reason, counters and correctiveActions (4.3s)
  ✓  19 [chromium] › tests/e2e/artifact-version-diff.spec.js:318:1 › artifact version diff demo covers empty/loading/error/success with reason, counters, diff, provenance and actions (2.2s)
  ✓  21 [chromium] › tests/e2e/normalize-user-name.spec.js:92:1 › normalize user name flow covers empty/loading/error/success states (1.1s)
  ✓  20 [chromium] › tests/e2e/artifact-version-diff.spec.js:388:1 › artifact version diff demo remains readable without horizontal overflow on mobile/tablet/desktop (1.8s)
  ✓  23 [chromium] › tests/e2e/phase-dependency-matrix.spec.js:545:1 › phase dependency matrix demo remains readable without horizontal overflow on mobile/tablet/desktop (1.7s)
  ✓  22 [chromium] › tests/e2e/phase-dependency-matrix.spec.js:437:1 › phase dependency matrix demo covers empty/loading/error/success with explicit reason, owner, blockers and corrective actions (3.4s)
  ✓  24 [chromium] › tests/e2e/phase-gate-governance-journal.spec.js:349:1 › phase gate governance journal demo covers empty/loading/error/success with explicit reason and decisions (2.0s)
  ✓  25 [chromium] › tests/e2e/phase-gate-governance-journal.spec.js:426:1 › phase gate governance journal demo remains readable without horizontal overflow on mobile/tablet/desktop (1.7s)
  ✓  26 [chromium] › tests/e2e/phase-guards-orchestrator.spec.js:272:1 › phase guards demo covers empty/loading/error/success with explicit reason, plan and failure diagnostics (1.6s)
  ✓  27 [chromium] › tests/e2e/phase-guards-orchestrator.spec.js:335:1 › phase guards demo keeps rendered content without horizontal overflow on mobile/tablet/desktop (1.7s)
  ✓  28 [chromium] › tests/e2e/phase-prerequisites-validator.spec.js:237:1 › phase prerequisites demo covers empty/loading/error/success with explicit blocking reason and missing list (1.9s)
  ✓  29 [chromium] › tests/e2e/phase-prerequisites-validator.spec.js:299:1 › phase prerequisites demo keeps success rendering without horizontal overflow on mobile/tablet/desktop (1.6s)
  ✓  31 [chromium] › tests/e2e/phase-progression-alert.spec.js:503:1 › phase progression alert demo remains readable without horizontal overflow on mobile/tablet/desktop (1.7s)
  ✓  30 [chromium] › tests/e2e/phase-progression-alert.spec.js:386:1 › phase progression alert demo covers empty/loading/error/success and explicit alert context (3.4s)
  ✓  32 [chromium] › tests/e2e/phase-sla-alert.spec.js:274:1 › phase SLA alert demo covers empty/loading/error/success with reason, severity and correctiveActions (2.1s)
  ✓  33 [chromium] › tests/e2e/phase-sla-alert.spec.js:345:1 › phase SLA alert demo remains readable without horizontal overflow on mobile/tablet/desktop (1.7s)
  ✓  34 [chromium] › tests/e2e/phase-state-projection.spec.js:302:1 › phase state projection demo covers empty/loading/error/success with FR-004/FR-005 fields (1.7s)
  ✓  35 [chromium] › tests/e2e/phase-state-projection.spec.js:377:1 › phase state projection success payload stays without horizontal overflow on mobile/tablet/desktop (1.8s)
  ✓  36 [chromium] › tests/e2e/phase-transition-history.spec.js:279:1 › transition history demo covers empty/loading/error/success with reason and history rows (2.1s)
  ✓  37 [chromium] › tests/e2e/phase-transition-history.spec.js:346:1 › transition history demo stays readable without horizontal overflow on mobile/tablet/desktop (1.7s)
  ✓  39 [chromium] › tests/e2e/phase-transition-override.spec.js:364:1 › phase transition override demo remains readable without horizontal overflow on mobile/tablet/desktop (1.7s)
  ✓  38 [chromium] › tests/e2e/phase-transition-override.spec.js:278:1 › phase transition override demo covers empty/loading/error/success with reason and override states (2.5s)
  ✓  41 [chromium] › tests/e2e/smoke.spec.js:3:1 › basic app smoke on data URL (207ms)
  ✓  40 [chromium] › tests/e2e/phase-transition-validator.spec.js:129:1 › phase transition demo covers empty/loading/error/success and shows blocking reason (1.6s)

  41 passed (45.1s)
