[S015] TECH GATES START 2026-02-22T09:08:44Z
▶ npm run lint

> bmad-total-app@0.1.0 lint
> node ./scripts/lint.mjs

✅ Lint OK
▶ npm run typecheck

> bmad-total-app@0.1.0 typecheck
> node ./scripts/typecheck.mjs

✅ Typecheck (syntax) OK
▶ npx vitest run tests/unit tests/edge

[1m[46m RUN [49m[22m [36mv4.0.18 [39m[90m/root/.openclaw/workspace/projects/dashboard-openclaw/app[39m

 [32m✓[39m tests/edge/artifact-fulltext-search.edge.test.js [2m([22m[2m25 tests[22m[2m)[22m[32m 35[2mms[22m[39m
 [32m✓[39m tests/unit/artifact-section-extractor.test.js [2m([22m[2m12 tests[22m[2m)[22m[32m 66[2mms[22m[39m
 [32m✓[39m tests/unit/artifact-table-indexer.test.js [2m([22m[2m13 tests[22m[2m)[22m[32m 100[2mms[22m[39m
 [32m✓[39m tests/unit/artifact-fulltext-search.test.js [2m([22m[2m11 tests[22m[2m)[22m[32m 59[2mms[22m[39m
 [32m✓[39m tests/edge/artifact-table-indexer.edge.test.js [2m([22m[2m19 tests[22m[2m)[22m[32m 34[2mms[22m[39m
 [32m✓[39m tests/unit/artifact-ingestion-pipeline.test.js [2m([22m[2m11 tests[22m[2m)[22m[32m 20[2mms[22m[39m
 [32m✓[39m tests/unit/artifact-metadata-validator.test.js [2m([22m[2m11 tests[22m[2m)[22m[32m 41[2mms[22m[39m
 [32m✓[39m tests/edge/phase-transition-history.edge.test.js [2m([22m[2m19 tests[22m[2m)[22m[32m 26[2mms[22m[39m
 [32m✓[39m tests/edge/artifact-section-extractor.edge.test.js [2m([22m[2m19 tests[22m[2m)[22m[32m 31[2mms[22m[39m
 [32m✓[39m tests/unit/phase-transition-history.test.js [2m([22m[2m8 tests[22m[2m)[22m[32m 16[2mms[22m[39m
 [32m✓[39m tests/edge/phase-dependency-matrix.edge.test.js [2m([22m[2m18 tests[22m[2m)[22m[32m 15[2mms[22m[39m
 [32m✓[39m tests/unit/phase-transition-override.test.js [2m([22m[2m9 tests[22m[2m)[22m[32m 9[2mms[22m[39m
 [32m✓[39m tests/edge/artifact-ingestion-pipeline.edge.test.js [2m([22m[2m20 tests[22m[2m)[22m[32m 18[2mms[22m[39m
 [32m✓[39m tests/edge/artifact-metadata-validator.edge.test.js [2m([22m[2m15 tests[22m[2m)[22m[32m 15[2mms[22m[39m
 [32m✓[39m tests/unit/phase-dependency-matrix.test.js [2m([22m[2m10 tests[22m[2m)[22m[32m 14[2mms[22m[39m
 [32m✓[39m tests/edge/phase-guards-orchestrator.edge.test.js [2m([22m[2m17 tests[22m[2m)[22m[32m 15[2mms[22m[39m
 [32m✓[39m tests/edge/phase-progression-alert.edge.test.js [2m([22m[2m19 tests[22m[2m)[22m[32m 17[2mms[22m[39m
 [32m✓[39m tests/edge/phase-sla-alert.edge.test.js [2m([22m[2m17 tests[22m[2m)[22m[32m 13[2mms[22m[39m
 [32m✓[39m tests/edge/phase-transition-override.edge.test.js [2m([22m[2m15 tests[22m[2m)[22m[32m 12[2mms[22m[39m
 [32m✓[39m tests/unit/phase-guards-orchestrator.test.js [2m([22m[2m8 tests[22m[2m)[22m[32m 10[2mms[22m[39m
 [32m✓[39m tests/edge/phase-prerequisites-validator.edge.test.js [2m([22m[2m14 tests[22m[2m)[22m[32m 16[2mms[22m[39m
 [32m✓[39m tests/edge/phase-state-projection.edge.test.js [2m([22m[2m10 tests[22m[2m)[22m[32m 9[2mms[22m[39m
 [32m✓[39m tests/unit/phase-transition-validator.test.js [2m([22m[2m8 tests[22m[2m)[22m[32m 8[2mms[22m[39m
 [32m✓[39m tests/unit/phase-progression-alert.test.js [2m([22m[2m9 tests[22m[2m)[22m[32m 17[2mms[22m[39m
 [32m✓[39m tests/unit/phase-prerequisites-validator.test.js [2m([22m[2m7 tests[22m[2m)[22m[32m 8[2mms[22m[39m
 [32m✓[39m tests/edge/phase-transition-validator.edge.test.js [2m([22m[2m8 tests[22m[2m)[22m[32m 8[2mms[22m[39m
 [32m✓[39m tests/unit/phase-sla-alert.test.js [2m([22m[2m7 tests[22m[2m)[22m[32m 9[2mms[22m[39m
 [32m✓[39m tests/edge/core.edge.test.js [2m([22m[2m6 tests[22m[2m)[22m[32m 6[2mms[22m[39m
 [32m✓[39m tests/unit/phase-state-projection.test.js [2m([22m[2m8 tests[22m[2m)[22m[32m 10[2mms[22m[39m
 [32m✓[39m tests/unit/core.test.js [2m([22m[2m9 tests[22m[2m)[22m[32m 7[2mms[22m[39m

[2m Test Files [22m [1m[32m30 passed[39m[22m[90m (30)[39m
[2m      Tests [22m [1m[32m382 passed[39m[22m[90m (382)[39m
[2m   Start at [22m 09:08:47
[2m   Duration [22m 2.09s[2m (transform 503ms, setup 0ms, import 1.58s, tests 664ms, environment 4ms)[22m

▶ npx playwright test tests/e2e

Running 29 tests using 2 workers

  ✓   1 [chromium] › tests/e2e/artifact-fulltext-search.spec.js:354:1 › artifact fulltext search demo remains readable without horizontal overflow on mobile/tablet/desktop (1.9s)
  ✓   2 [chromium] › tests/e2e/artifact-fulltext-search.spec.js:286:1 › artifact fulltext search demo covers empty/loading/error/success with reason, counters, filters and correctiveActions (2.2s)
  ✓   4 [chromium] › tests/e2e/artifact-ingestion-pipeline.spec.js:389:1 › artifact ingestion demo remains readable without horizontal overflow on mobile/tablet/desktop (1.8s)
  ✓   3 [chromium] › tests/e2e/artifact-ingestion-pipeline.spec.js:293:1 › artifact ingestion demo covers empty/loading/error/success with explicit reason, counters and correctiveActions (3.4s)
  ✓   6 [chromium] › tests/e2e/artifact-metadata-validator.spec.js:389:1 › artifact metadata validator demo remains readable without horizontal overflow on mobile/tablet/desktop (1.8s)
  ✓   5 [chromium] › tests/e2e/artifact-metadata-validator.spec.js:293:1 › artifact metadata validator demo covers empty/loading/error/success with explicit reason, counters and correctiveActions (3.4s)
  ✓   8 [chromium] › tests/e2e/artifact-section-extractor.spec.js:409:1 › artifact section extractor demo remains readable without horizontal overflow on mobile/tablet/desktop (1.7s)
  ✓   7 [chromium] › tests/e2e/artifact-section-extractor.spec.js:304:1 › artifact section extractor demo covers empty/loading/error/success with explicit reason, section counters and correctiveActions (3.8s)
  ✓  10 [chromium] › tests/e2e/artifact-table-indexer.spec.js:475:1 › artifact table indexer demo remains readable without horizontal overflow on mobile/tablet/desktop (1.7s)
  ✓   9 [chromium] › tests/e2e/artifact-table-indexer.spec.js:360:1 › artifact table indexer demo covers empty/loading/error/success with explicit reason, counters and correctiveActions (4.3s)
  ✓  11 [chromium] › tests/e2e/normalize-user-name.spec.js:92:1 › normalize user name flow covers empty/loading/error/success states (1.1s)
  ✓  13 [chromium] › tests/e2e/phase-dependency-matrix.spec.js:545:1 › phase dependency matrix demo remains readable without horizontal overflow on mobile/tablet/desktop (1.7s)
  ✓  12 [chromium] › tests/e2e/phase-dependency-matrix.spec.js:437:1 › phase dependency matrix demo covers empty/loading/error/success with explicit reason, owner, blockers and corrective actions (3.4s)
  ✓  14 [chromium] › tests/e2e/phase-guards-orchestrator.spec.js:272:1 › phase guards demo covers empty/loading/error/success with explicit reason, plan and failure diagnostics (1.7s)
  ✓  15 [chromium] › tests/e2e/phase-guards-orchestrator.spec.js:335:1 › phase guards demo keeps rendered content without horizontal overflow on mobile/tablet/desktop (1.7s)
  ✓  16 [chromium] › tests/e2e/phase-prerequisites-validator.spec.js:237:1 › phase prerequisites demo covers empty/loading/error/success with explicit blocking reason and missing list (2.0s)
  ✓  17 [chromium] › tests/e2e/phase-prerequisites-validator.spec.js:299:1 › phase prerequisites demo keeps success rendering without horizontal overflow on mobile/tablet/desktop (1.7s)
  ✓  19 [chromium] › tests/e2e/phase-progression-alert.spec.js:503:1 › phase progression alert demo remains readable without horizontal overflow on mobile/tablet/desktop (1.7s)
  ✓  18 [chromium] › tests/e2e/phase-progression-alert.spec.js:386:1 › phase progression alert demo covers empty/loading/error/success and explicit alert context (3.5s)
  ✓  20 [chromium] › tests/e2e/phase-sla-alert.spec.js:274:1 › phase SLA alert demo covers empty/loading/error/success with reason, severity and correctiveActions (2.0s)
  ✓  21 [chromium] › tests/e2e/phase-sla-alert.spec.js:345:1 › phase SLA alert demo remains readable without horizontal overflow on mobile/tablet/desktop (1.6s)
  ✓  22 [chromium] › tests/e2e/phase-state-projection.spec.js:224:1 › phase state projection demo covers empty/loading/error/success with required phase fields (1.6s)
  ✓  23 [chromium] › tests/e2e/phase-state-projection.spec.js:285:1 › phase state projection success payload stays without horizontal overflow on mobile/tablet/desktop (1.7s)
  ✓  24 [chromium] › tests/e2e/phase-transition-history.spec.js:249:1 › transition history demo covers empty/loading/error/success with reason and history rows (1.5s)
  ✓  25 [chromium] › tests/e2e/phase-transition-history.spec.js:304:1 › transition history demo stays readable without horizontal overflow on mobile/tablet/desktop (1.7s)
  ✓  27 [chromium] › tests/e2e/phase-transition-override.spec.js:364:1 › phase transition override demo remains readable without horizontal overflow on mobile/tablet/desktop (1.7s)
  ✓  26 [chromium] › tests/e2e/phase-transition-override.spec.js:278:1 › phase transition override demo covers empty/loading/error/success with reason and override states (2.6s)
  ✓  29 [chromium] › tests/e2e/smoke.spec.js:3:1 › basic app smoke on data URL (155ms)
  ✓  28 [chromium] › tests/e2e/phase-transition-validator.spec.js:129:1 › phase transition demo covers empty/loading/error/success and shows blocking reason (1.5s)

  29 passed (32.6s)
▶ npm run test:coverage

> bmad-total-app@0.1.0 test:coverage
> vitest run --coverage


[1m[46m RUN [49m[22m [36mv4.0.18 [39m[90m/root/.openclaw/workspace/projects/dashboard-openclaw/app[39m
      [2mCoverage enabled with [22m[33mv8[39m

 [32m✓[39m tests/unit/artifact-fulltext-search.test.js [2m([22m[2m11 tests[22m[2m)[22m[32m 53[2mms[22m[39m
 [32m✓[39m tests/unit/artifact-section-extractor.test.js [2m([22m[2m12 tests[22m[2m)[22m[32m 72[2mms[22m[39m
 [32m✓[39m tests/unit/artifact-table-indexer.test.js [2m([22m[2m13 tests[22m[2m)[22m[32m 117[2mms[22m[39m
 [32m✓[39m tests/edge/artifact-fulltext-search.edge.test.js [2m([22m[2m25 tests[22m[2m)[22m[32m 53[2mms[22m[39m
 [32m✓[39m tests/unit/artifact-metadata-validator.test.js [2m([22m[2m11 tests[22m[2m)[22m[32m 36[2mms[22m[39m
 [32m✓[39m tests/edge/artifact-table-indexer.edge.test.js [2m([22m[2m19 tests[22m[2m)[22m[32m 41[2mms[22m[39m
 [32m✓[39m tests/edge/artifact-section-extractor.edge.test.js [2m([22m[2m19 tests[22m[2m)[22m[32m 36[2mms[22m[39m
 [32m✓[39m tests/edge/phase-transition-history.edge.test.js [2m([22m[2m19 tests[22m[2m)[22m[32m 31[2mms[22m[39m
 [32m✓[39m tests/unit/artifact-ingestion-pipeline.test.js [2m([22m[2m11 tests[22m[2m)[22m[32m 35[2mms[22m[39m
 [32m✓[39m tests/edge/artifact-ingestion-pipeline.edge.test.js [2m([22m[2m20 tests[22m[2m)[22m[32m 16[2mms[22m[39m
 [32m✓[39m tests/edge/phase-progression-alert.edge.test.js [2m([22m[2m19 tests[22m[2m)[22m[32m 15[2mms[22m[39m
 [32m✓[39m tests/unit/phase-progression-alert.test.js [2m([22m[2m9 tests[22m[2m)[22m[32m 12[2mms[22m[39m
 [32m✓[39m tests/edge/phase-prerequisites-validator.edge.test.js [2m([22m[2m14 tests[22m[2m)[22m[32m 12[2mms[22m[39m
 [32m✓[39m tests/unit/phase-transition-history.test.js [2m([22m[2m8 tests[22m[2m)[22m[32m 17[2mms[22m[39m
 [32m✓[39m tests/edge/phase-dependency-matrix.edge.test.js [2m([22m[2m18 tests[22m[2m)[22m[32m 19[2mms[22m[39m
 [32m✓[39m tests/edge/artifact-metadata-validator.edge.test.js [2m([22m[2m15 tests[22m[2m)[22m[32m 20[2mms[22m[39m
 [32m✓[39m tests/edge/phase-guards-orchestrator.edge.test.js [2m([22m[2m17 tests[22m[2m)[22m[32m 21[2mms[22m[39m
 [32m✓[39m tests/unit/phase-dependency-matrix.test.js [2m([22m[2m10 tests[22m[2m)[22m[32m 16[2mms[22m[39m
 [32m✓[39m tests/edge/phase-sla-alert.edge.test.js [2m([22m[2m17 tests[22m[2m)[22m[32m 14[2mms[22m[39m
 [32m✓[39m tests/edge/phase-transition-override.edge.test.js [2m([22m[2m15 tests[22m[2m)[22m[32m 13[2mms[22m[39m
 [32m✓[39m tests/unit/phase-guards-orchestrator.test.js [2m([22m[2m8 tests[22m[2m)[22m[32m 15[2mms[22m[39m
 [32m✓[39m tests/unit/phase-state-projection.test.js [2m([22m[2m8 tests[22m[2m)[22m[32m 8[2mms[22m[39m
 [32m✓[39m tests/unit/phase-sla-alert.test.js [2m([22m[2m7 tests[22m[2m)[22m[32m 12[2mms[22m[39m
 [32m✓[39m tests/unit/phase-transition-override.test.js [2m([22m[2m9 tests[22m[2m)[22m[32m 12[2mms[22m[39m
 [32m✓[39m tests/edge/phase-state-projection.edge.test.js [2m([22m[2m10 tests[22m[2m)[22m[32m 11[2mms[22m[39m
 [32m✓[39m tests/unit/phase-prerequisites-validator.test.js [2m([22m[2m7 tests[22m[2m)[22m[32m 10[2mms[22m[39m
 [32m✓[39m tests/edge/phase-transition-validator.edge.test.js [2m([22m[2m8 tests[22m[2m)[22m[32m 12[2mms[22m[39m
 [32m✓[39m tests/unit/phase-transition-validator.test.js [2m([22m[2m8 tests[22m[2m)[22m[32m 10[2mms[22m[39m
 [32m✓[39m tests/unit/core.test.js [2m([22m[2m9 tests[22m[2m)[22m[32m 6[2mms[22m[39m
 [32m✓[39m tests/edge/core.edge.test.js [2m([22m[2m6 tests[22m[2m)[22m[32m 7[2mms[22m[39m

[2m Test Files [22m [1m[32m30 passed[39m[22m[90m (30)[39m
[2m      Tests [22m [1m[32m382 passed[39m[22m[90m (382)[39m
[2m   Start at [22m 09:09:24
[2m   Duration [22m 2.78s[2m (transform 646ms, setup 0ms, import 1.83s, tests 750ms, environment 4ms)[22m

[34m % [39m[2mCoverage report from [22m[33mv8[39m
-------------------|---------|----------|---------|---------|-------------------
File               | % Stmts | % Branch | % Funcs | % Lines | Uncovered Line #s 
-------------------|---------|----------|---------|---------|-------------------
All files          |   99.34 |    97.86 |     100 |   99.32 |                   
 ...text-search.js |   98.97 |    98.57 |     100 |   98.92 | 363,369,375,381   
 ...on-pipeline.js |     100 |      100 |     100 |     100 |                   
 ...a-validator.js |   98.51 |    95.21 |     100 |   98.45 | ...,706,1000,1004 
 ...n-extractor.js |    99.3 |    97.92 |     100 |   99.26 | 95,602            
 ...ble-indexer.js |   99.13 |    96.99 |     100 |   99.09 | 632,647-648       
 core.js           |     100 |      100 |     100 |     100 |                   
 index.js          |       0 |        0 |       0 |       0 |                   
 ...ency-matrix.js |   99.64 |    99.23 |     100 |   99.63 | 106               
 ...rchestrator.js |     100 |      100 |     100 |     100 |                   
 ...s-validator.js |    98.8 |    97.59 |     100 |   98.79 | 48                
 ...ssion-alert.js |    99.6 |    95.96 |     100 |    99.6 | 98                
 ...e-sla-alert.js |     100 |    97.05 |     100 |     100 | 57,63,106,366     
 ...-projection.js |     100 |    97.59 |     100 |     100 | 16,155            
 ...ion-history.js |     100 |    98.52 |     100 |     100 | 72,157            
 ...on-override.js |   99.25 |    98.57 |     100 |   99.24 | 96                
 ...n-validator.js |   97.36 |    95.34 |     100 |   97.36 | 16                
-------------------|---------|----------|---------|---------|-------------------
▶ npm run build

> bmad-total-app@0.1.0 build
> node ./scripts/build.mjs

✅ Build OK
▶ npm run security:deps

> bmad-total-app@0.1.0 security:deps
> npm audit --audit-level=high

found 0 vulnerabilities
[S015] TECH GATES END 2026-02-22T09:09:27Z
