
> bmad-total-app@0.1.0 lint
> node ./scripts/lint.mjs

✅ Lint OK

> bmad-total-app@0.1.0 typecheck
> node ./scripts/typecheck.mjs

✅ Typecheck (syntax) OK

[1m[46m RUN [49m[22m [36mv4.0.18 [39m[90m/root/.openclaw/workspace/projects/dashboard-openclaw/app[39m

 [32m✓[39m tests/edge/artifact-version-diff.edge.test.js [2m([22m[2m16 tests[22m[2m)[22m[32m 36[2mms[22m[39m
 [32m✓[39m tests/unit/artifact-version-diff.test.js [2m([22m[2m8 tests[22m[2m)[22m[32m 61[2mms[22m[39m

[2m Test Files [22m [1m[32m2 passed[39m[22m[90m (2)[39m
[2m      Tests [22m [1m[32m24 passed[39m[22m[90m (24)[39m
[2m   Start at [22m 12:02:18
[2m   Duration [22m 446ms[2m (transform 259ms, setup 0ms, import 396ms, tests 97ms, environment 0ms)[22m


Running 2 tests using 2 workers

  ✓  2 [chromium] › tests/e2e/artifact-version-diff.spec.js:388:1 › artifact version diff demo remains readable without horizontal overflow on mobile/tablet/desktop (1.8s)
  ✓  1 [chromium] › tests/e2e/artifact-version-diff.spec.js:318:1 › artifact version diff demo covers empty/loading/error/success with reason, counters, diff, provenance and actions (2.2s)

  2 passed (3.5s)

> bmad-total-app@0.1.0 test:coverage
> vitest run --coverage


[1m[46m RUN [49m[22m [36mv4.0.18 [39m[90m/root/.openclaw/workspace/projects/dashboard-openclaw/app[39m
      [2mCoverage enabled with [22m[33mv8[39m

 [32m✓[39m tests/unit/artifact-fulltext-search.test.js [2m([22m[2m11 tests[22m[2m)[22m[32m 53[2mms[22m[39m
 [32m✓[39m tests/unit/artifact-section-extractor.test.js [2m([22m[2m12 tests[22m[2m)[22m[32m 68[2mms[22m[39m
 [32m✓[39m tests/unit/artifact-table-indexer.test.js [2m([22m[2m13 tests[22m[2m)[22m[32m 118[2mms[22m[39m
 [32m✓[39m tests/edge/artifact-fulltext-search.edge.test.js [2m([22m[2m25 tests[22m[2m)[22m[32m 49[2mms[22m[39m
 [32m✓[39m tests/unit/artifact-version-diff.test.js [2m([22m[2m8 tests[22m[2m)[22m[32m 75[2mms[22m[39m
 [32m✓[39m tests/unit/artifact-context-filter.test.js [2m([22m[2m10 tests[22m[2m)[22m[32m 43[2mms[22m[39m
 [32m✓[39m tests/edge/artifact-table-indexer.edge.test.js [2m([22m[2m19 tests[22m[2m)[22m[32m 39[2mms[22m[39m
 [32m✓[39m tests/edge/artifact-version-diff.edge.test.js [2m([22m[2m16 tests[22m[2m)[22m[32m 26[2mms[22m[39m
 [32m✓[39m tests/unit/artifact-metadata-validator.test.js [2m([22m[2m11 tests[22m[2m)[22m[32m 34[2mms[22m[39m
 [32m✓[39m tests/edge/phase-transition-history.edge.test.js [2m([22m[2m21 tests[22m[2m)[22m[32m 33[2mms[22m[39m
 [32m✓[39m tests/edge/phase-gate-governance-journal.edge.test.js [2m([22m[2m20 tests[22m[2m)[22m[32m 31[2mms[22m[39m
 [32m✓[39m tests/edge/artifact-section-extractor.edge.test.js [2m([22m[2m19 tests[22m[2m)[22m[32m 38[2mms[22m[39m
 [32m✓[39m tests/unit/phase-gate-governance-journal.test.js [2m([22m[2m8 tests[22m[2m)[22m[32m 26[2mms[22m[39m
 [32m✓[39m tests/edge/artifact-context-filter.edge.test.js [2m([22m[2m15 tests[22m[2m)[22m[32m 27[2mms[22m[39m
 [32m✓[39m tests/unit/artifact-ingestion-pipeline.test.js [2m([22m[2m11 tests[22m[2m)[22m[32m 25[2mms[22m[39m
 [32m✓[39m tests/edge/phase-progression-alert.edge.test.js [2m([22m[2m19 tests[22m[2m)[22m[32m 15[2mms[22m[39m
 [32m✓[39m tests/edge/phase-dependency-matrix.edge.test.js [2m([22m[2m18 tests[22m[2m)[22m[32m 32[2mms[22m[39m
 [32m✓[39m tests/edge/phase-sla-alert.edge.test.js [2m([22m[2m17 tests[22m[2m)[22m[32m 14[2mms[22m[39m
 [32m✓[39m tests/edge/phase-guards-orchestrator.edge.test.js [2m([22m[2m17 tests[22m[2m)[22m[32m 15[2mms[22m[39m
 [32m✓[39m tests/edge/artifact-ingestion-pipeline.edge.test.js [2m([22m[2m20 tests[22m[2m)[22m[32m 15[2mms[22m[39m
 [32m✓[39m tests/unit/phase-transition-history.test.js [2m([22m[2m10 tests[22m[2m)[22m[32m 24[2mms[22m[39m
 [32m✓[39m tests/edge/artifact-metadata-validator.edge.test.js [2m([22m[2m15 tests[22m[2m)[22m[32m 18[2mms[22m[39m
 [32m✓[39m tests/unit/phase-dependency-matrix.test.js [2m([22m[2m11 tests[22m[2m)[22m[32m 16[2mms[22m[39m
 [32m✓[39m tests/unit/phase-state-projection.test.js [2m([22m[2m10 tests[22m[2m)[22m[32m 17[2mms[22m[39m
 [32m✓[39m tests/edge/phase-state-projection.edge.test.js [2m([22m[2m22 tests[22m[2m)[22m[32m 14[2mms[22m[39m
 [32m✓[39m tests/edge/phase-prerequisites-validator.edge.test.js [2m([22m[2m14 tests[22m[2m)[22m[32m 18[2mms[22m[39m
 [32m✓[39m tests/edge/phase-transition-override.edge.test.js [2m([22m[2m15 tests[22m[2m)[22m[32m 13[2mms[22m[39m
 [32m✓[39m tests/unit/phase-guards-orchestrator.test.js [2m([22m[2m8 tests[22m[2m)[22m[32m 11[2mms[22m[39m
 [32m✓[39m tests/unit/phase-progression-alert.test.js [2m([22m[2m9 tests[22m[2m)[22m[32m 12[2mms[22m[39m
 [32m✓[39m tests/unit/phase-prerequisites-validator.test.js [2m([22m[2m7 tests[22m[2m)[22m[32m 8[2mms[22m[39m
 [32m✓[39m tests/unit/phase-transition-override.test.js [2m([22m[2m9 tests[22m[2m)[22m[32m 10[2mms[22m[39m
 [32m✓[39m tests/unit/phase-sla-alert.test.js [2m([22m[2m7 tests[22m[2m)[22m[32m 9[2mms[22m[39m
 [32m✓[39m tests/unit/phase-transition-validator.test.js [2m([22m[2m8 tests[22m[2m)[22m[32m 9[2mms[22m[39m
 [32m✓[39m tests/edge/core.edge.test.js [2m([22m[2m6 tests[22m[2m)[22m[32m 7[2mms[22m[39m
 [32m✓[39m tests/edge/phase-transition-validator.edge.test.js [2m([22m[2m8 tests[22m[2m)[22m[32m 9[2mms[22m[39m
 [32m✓[39m tests/unit/core.test.js [2m([22m[2m9 tests[22m[2m)[22m[32m 7[2mms[22m[39m

[2m Test Files [22m [1m[32m36 passed[39m[22m[90m (36)[39m
[2m      Tests [22m [1m[32m478 passed[39m[22m[90m (478)[39m
[2m   Start at [22m 12:02:24
[2m   Duration [22m 3.65s[2m (transform 785ms, setup 0ms, import 2.46s, tests 980ms, environment 10ms)[22m

[34m % [39m[2mCoverage report from [22m[33mv8[39m
-------------------|---------|----------|---------|---------|-------------------
File               | % Stmts | % Branch | % Funcs | % Lines | Uncovered Line #s 
-------------------|---------|----------|---------|---------|-------------------
All files          |   99.41 |    97.59 |     100 |   99.39 |                   
 ...text-filter.js |   99.63 |    98.29 |     100 |   99.62 | 471               
 ...text-search.js |   98.97 |    98.57 |     100 |   98.92 | 363,369,375,381   
 ...on-pipeline.js |     100 |      100 |     100 |     100 |                   
 ...a-validator.js |   98.51 |    95.21 |     100 |   98.45 | ...,706,1000,1004 
 ...n-extractor.js |    99.3 |    97.92 |     100 |   99.26 | 95,602            
 ...ble-indexer.js |   99.13 |    96.99 |     100 |   99.09 | 632,647-648       
 ...ersion-diff.js |   99.35 |    96.03 |     100 |   99.31 | 663-670           
 core.js           |     100 |      100 |     100 |     100 |                   
 index.js          |       0 |        0 |       0 |       0 |                   
 ...ency-matrix.js |   99.64 |    99.23 |     100 |   99.63 | 106               
 ...nce-journal.js |     100 |     96.3 |     100 |     100 | ...66,754,761,797 
 ...rchestrator.js |     100 |      100 |     100 |     100 |                   
 ...s-validator.js |    98.8 |    97.59 |     100 |   98.79 | 48                
 ...ssion-alert.js |    99.6 |    95.96 |     100 |    99.6 | 98                
 ...e-sla-alert.js |     100 |    97.05 |     100 |     100 | 57,63,106,366     
 ...-projection.js |   99.32 |    97.91 |     100 |   99.32 | 245               
 ...ion-history.js |     100 |    97.53 |     100 |     100 | 81,166,330,359    
 ...on-override.js |   99.25 |    98.57 |     100 |   99.24 | 96                
 ...n-validator.js |   97.36 |    95.34 |     100 |   97.36 | 16                
-------------------|---------|----------|---------|---------|-------------------

> bmad-total-app@0.1.0 build
> node ./scripts/build.mjs

✅ Build OK

> bmad-total-app@0.1.0 security:deps
> npm audit --audit-level=high

found 0 vulnerabilities
✅ S019_TECH_GATES_OK
