▶ FAST lint

> bmad-total-app@0.1.0 lint
> node ./scripts/lint.mjs

✅ Lint OK
▶ FAST typecheck

> bmad-total-app@0.1.0 typecheck
> node ./scripts/typecheck.mjs

✅ Typecheck (syntax) OK
▶ FAST targeted tests from story Comment tester
▶ npx vitest run tests/unit/artifact-risk-annotations.test.js tests/edge/artifact-risk-annotations.edge.test.js

[1m[46m RUN [49m[22m [36mv4.0.18 [39m[90m/root/.openclaw/workspace/projects/dashboard-openclaw/app[39m

 [32m✓[39m tests/edge/artifact-risk-annotations.edge.test.js [2m([22m[2m14 tests[22m[2m)[22m[32m 24[2mms[22m[39m
 [32m✓[39m tests/unit/artifact-risk-annotations.test.js [2m([22m[2m13 tests[22m[2m)[22m[32m 35[2mms[22m[39m

[2m Test Files [22m [1m[32m2 passed[39m[22m[90m (2)[39m
[2m      Tests [22m [1m[32m27 passed[39m[22m[90m (27)[39m
[2m   Start at [22m 19:34:56
[2m   Duration [22m 461ms[2m (transform 351ms, setup 0ms, import 476ms, tests 59ms, environment 0ms)[22m

▶ npx playwright test tests/e2e/artifact-risk-annotations.spec.js

Running 2 tests using 2 workers

  ✓  1 [chromium] › tests/e2e/artifact-risk-annotations.spec.js:486:1 › artifact risk annotations demo remains readable without horizontal overflow on mobile/tablet/desktop (1.8s)
  ✓  2 [chromium] › tests/e2e/artifact-risk-annotations.spec.js:403:1 › artifact risk annotations demo covers empty/loading/error/success with reason, counters, tags, annotations, catalog and actions (2.6s)

  2 passed (4.0s)
▶ npx vitest run tests/unit/artifact-risk-annotations.test.js tests/edge/artifact-risk-annotations.edge.test.js --coverage --coverage.include=src/artifact-risk-annotations.js

[1m[46m RUN [49m[22m [36mv4.0.18 [39m[90m/root/.openclaw/workspace/projects/dashboard-openclaw/app[39m
      [2mCoverage enabled with [22m[33mv8[39m

 [32m✓[39m tests/edge/artifact-risk-annotations.edge.test.js [2m([22m[2m14 tests[22m[2m)[22m[32m 28[2mms[22m[39m
 [32m✓[39m tests/unit/artifact-risk-annotations.test.js [2m([22m[2m13 tests[22m[2m)[22m[32m 42[2mms[22m[39m

[2m Test Files [22m [1m[32m2 passed[39m[22m[90m (2)[39m
[2m      Tests [22m [1m[32m27 passed[39m[22m[90m (27)[39m
[2m   Start at [22m 19:35:02
[2m   Duration [22m 588ms[2m (transform 335ms, setup 0ms, import 491ms, tests 69ms, environment 0ms)[22m

[34m % [39m[2mCoverage report from [22m[33mv8[39m
-------------------|---------|----------|---------|---------|-------------------
File               | % Stmts | % Branch | % Funcs | % Lines | Uncovered Line #s 
-------------------|---------|----------|---------|---------|-------------------
All files          |   99.13 |    95.88 |     100 |   99.08 |                   
 ...annotations.js |   99.13 |    95.88 |     100 |   99.08 | 186,218,253       
-------------------|---------|----------|---------|---------|-------------------
✅ FAST_QUALITY_GATES_OK (S023)
