
> bmad-total-app@0.1.0 lint
> node ./scripts/lint.mjs

✅ Lint OK

> bmad-total-app@0.1.0 typecheck
> node ./scripts/typecheck.mjs

✅ Typecheck (syntax) OK

[1m[46m RUN [49m[22m [36mv4.0.18 [39m[90m/root/.openclaw/workspace/projects/dashboard-openclaw/app[39m

 [32m✓[39m tests/edge/artifact-corpus-backfill.edge.test.js [2m([22m[2m15 tests[22m[2m)[22m[32m 21[2mms[22m[39m
 [32m✓[39m tests/unit/artifact-corpus-backfill.test.js [2m([22m[2m16 tests[22m[2m)[22m[32m 44[2mms[22m[39m

[2m Test Files [22m [1m[32m2 passed[39m[22m[90m (2)[39m
[2m      Tests [22m [1m[32m31 passed[39m[22m[90m (31)[39m
[2m   Start at [22m 21:16:19
[2m   Duration [22m 519ms[2m (transform 410ms, setup 0ms, import 578ms, tests 65ms, environment 0ms)[22m


Running 2 tests using 2 workers

  ✓  2 [chromium] › tests/e2e/artifact-corpus-backfill.spec.js:463:1 › artifact corpus backfill demo stays readable without horizontal overflow on mobile/tablet/desktop (2.0s)
  ✓  1 [chromium] › tests/e2e/artifact-corpus-backfill.spec.js:371:1 › artifact corpus backfill demo covers empty/loading/error/success states with diagnostics and actions (2.8s)

  2 passed (4.2s)

[1m[46m RUN [49m[22m [36mv4.0.18 [39m[90m/root/.openclaw/workspace/projects/dashboard-openclaw/app[39m
      [2mCoverage enabled with [22m[33mv8[39m

 [32m✓[39m tests/edge/artifact-corpus-backfill.edge.test.js [2m([22m[2m15 tests[22m[2m)[22m[32m 16[2mms[22m[39m
 [32m✓[39m tests/unit/artifact-corpus-backfill.test.js [2m([22m[2m16 tests[22m[2m)[22m[32m 41[2mms[22m[39m

[2m Test Files [22m [1m[32m2 passed[39m[22m[90m (2)[39m
[2m      Tests [22m [1m[32m31 passed[39m[22m[90m (31)[39m
[2m   Start at [22m 21:16:26
[2m   Duration [22m 581ms[2m (transform 363ms, setup 0ms, import 514ms, tests 58ms, environment 0ms)[22m

[34m % [39m[2mCoverage report from [22m[33mv8[39m
-------------------|---------|----------|---------|---------|-------------------
File               | % Stmts | % Branch | % Funcs | % Lines | Uncovered Line #s 
-------------------|---------|----------|---------|---------|-------------------
All files          |   99.72 |    98.22 |     100 |   99.71 |                   
 ...us-backfill.js |   99.72 |    98.22 |     100 |   99.71 | 521               
-------------------|---------|----------|---------|---------|-------------------

> bmad-total-app@0.1.0 build
> node ./scripts/build.mjs

✅ Build OK

> bmad-total-app@0.1.0 security:deps
> npm audit --audit-level=high

found 0 vulnerabilities
✅ S024_TECH_GATES_OK
