
> bmad-total-app@0.1.0 lint
> node ./scripts/lint.mjs

✅ Lint OK

> bmad-total-app@0.1.0 typecheck
> node ./scripts/typecheck.mjs

✅ Typecheck (syntax) OK

[1m[46m RUN [49m[22m [36mv4.0.18 [39m[90m/root/.openclaw/workspace/projects/dashboard-openclaw/app[39m

 [32m✓[39m tests/edge/gate-policy-versioning.edge.test.js [2m([22m[2m18 tests[22m[2m)[22m[32m 30[2mms[22m[39m
 [32m✓[39m tests/unit/gate-policy-versioning.test.js [2m([22m[2m11 tests[22m[2m)[22m[32m 71[2mms[22m[39m

[2m Test Files [22m [1m[32m2 passed[39m[22m[90m (2)[39m
[2m      Tests [22m [1m[32m29 passed[39m[22m[90m (29)[39m
[2m   Start at [22m 06:54:39
[2m   Duration [22m 599ms[2m (transform 382ms, setup 0ms, import 572ms, tests 101ms, environment 0ms)[22m


Running 2 tests using 2 workers

  ✓  2 [chromium] › tests/e2e/gate-policy-versioning.spec.js:401:1 › policy versioning demo remains readable without horizontal overflow on mobile/tablet/desktop (1.8s)
  ✓  1 [chromium] › tests/e2e/gate-policy-versioning.spec.js:327:1 › policy versioning demo covers empty/loading/error/success with policy and simulation fields (2.6s)

  2 passed (4.1s)

[1m[46m RUN [49m[22m [36mv4.0.18 [39m[90m/root/.openclaw/workspace/projects/dashboard-openclaw/app[39m
      [2mCoverage enabled with [22m[33mv8[39m

 [32m✓[39m tests/edge/gate-policy-versioning.edge.test.js [2m([22m[2m18 tests[22m[2m)[22m[32m 35[2mms[22m[39m
 [32m✓[39m tests/unit/gate-policy-versioning.test.js [2m([22m[2m11 tests[22m[2m)[22m[32m 87[2mms[22m[39m

[2m Test Files [22m [1m[32m2 passed[39m[22m[90m (2)[39m
[2m      Tests [22m [1m[32m29 passed[39m[22m[90m (29)[39m
[2m   Start at [22m 06:54:46
[2m   Duration [22m 748ms[2m (transform 477ms, setup 0ms, import 636ms, tests 122ms, environment 0ms)[22m

[34m % [39m[2mCoverage report from [22m[33mv8[39m
-------------------|---------|----------|---------|---------|-------------------
File               | % Stmts | % Branch | % Funcs | % Lines | Uncovered Line #s 
-------------------|---------|----------|---------|---------|-------------------
All files          |    99.4 |    98.76 |   98.18 |   99.69 |                   
 ...-versioning.js |   99.05 |    98.14 |   96.87 |   99.51 | 684               
 ...-simulation.js |     100 |      100 |     100 |     100 |                   
-------------------|---------|----------|---------|---------|-------------------

> bmad-total-app@0.1.0 build
> node ./scripts/build.mjs

✅ Build OK

> bmad-total-app@0.1.0 security:deps
> npm audit --audit-level=high

found 0 vulnerabilities
▶ FAST lint

> bmad-total-app@0.1.0 lint
> node ./scripts/lint.mjs

✅ Lint OK
▶ FAST typecheck

> bmad-total-app@0.1.0 typecheck
> node ./scripts/typecheck.mjs

✅ Typecheck (syntax) OK
▶ FAST tests fallback: no targeted command found in story (lint+typecheck only)
✅ FAST_QUALITY_GATES_OK (S031)
✅ S031_TECH_GATES_OK
